{"uuid":"c2a9cc84-d1b7-41dd-b7c5-0ba5869e29b3","historyId":"6b7ea802f270a66d4a5a510df6f92f0a","fullName":"Test Signup functionality: Signup with valid data","labels":[{"name":"tag","value":"Demo"},{"name":"host","value":"LAPTOP-RHO1G8Q8"},{"name":"thread","value":"25220@LAPTOP-RHO1G8Q8.TestNG-PoolService-0(18)"},{"name":"feature","value":"Test Signup functionality"},{"name":"story","value":"Signup with valid data"},{"name":"suite","value":"Test Signup functionality"},{"name":"testClass","value":"Signup with valid data"},{"name":"framework","value":"cucumber4jvm"},{"name":"language","value":"java"},{"name":"gherkin_uri","value":"file:///C:/Users/AhmedAshour/Documents/DemoBlaze/src/test/java/features/SignupPage.feature"},{"name":"package","value":"src.test.java.features.SignupPage_feature.Test Signup functionality"}],"links":[],"name":"Signup with valid data","status":"failed","statusDetails":{"known":false,"muted":false,"flaky":false,"message":"expected [Sign up successful.] but found [This user already exist.]","trace":"java.lang.AssertionError: expected [Sign up successful.] but found [This user already exist.]\r\n\tat org.testng.Assert.fail(Assert.java:99)\r\n\tat org.testng.Assert.failNotEquals(Assert.java:1037)\r\n\tat org.testng.Assert.assertEqualsImpl(Assert.java:140)\r\n\tat org.testng.Assert.assertEquals(Assert.java:122)\r\n\tat org.testng.Assert.assertEquals(Assert.java:629)\r\n\tat org.testng.Assert.assertEquals(Assert.java:639)\r\n\tat stepDefinitions.signup.SignupSteps.confirmationAlertShouldBeDisplayed(SignupSteps.java:75)\r\n\tat ✽.Confirmation alert should be displayed(file:///C:/Users/AhmedAshour/Documents/DemoBlaze/src/test/java/features/SignupPage.feature:14)\r\n"},"stage":"finished","steps":[{"name":"Given  User opens chrome browser and navigates to the url","status":"passed","statusDetails":{"known":false,"muted":false,"flaky":false},"stage":"finished","steps":[],"attachments":[],"parameters":[],"start":1674912720094,"stop":1674912727192},{"name":"When  User clicks on Signup tab from nav bar","status":"passed","statusDetails":{"known":false,"muted":false,"flaky":false},"stage":"finished","steps":[],"attachments":[],"parameters":[],"start":1674912727192,"stop":1674912727319},{"name":"And  User enters username into the \"Test_Userr_124523223\" field","status":"passed","statusDetails":{"known":false,"muted":false,"flaky":false},"stage":"finished","steps":[],"attachments":[],"parameters":[],"start":1674912727319,"stop":1674912728102},{"name":"And  User enters password into the \"abcd123\" field","status":"passed","statusDetails":{"known":false,"muted":false,"flaky":false},"stage":"finished","steps":[],"attachments":[],"parameters":[],"start":1674912728102,"stop":1674912728262},{"name":"And  Clicks on Sign up button","status":"passed","statusDetails":{"known":false,"muted":false,"flaky":false},"stage":"finished","steps":[],"attachments":[],"parameters":[],"start":1674912728262,"stop":1674912731136},{"name":"Then  Confirmation alert should be displayed","status":"failed","statusDetails":{"known":false,"muted":false,"flaky":false,"message":"expected [Sign up successful.] but found [This user already exist.]","trace":"java.lang.AssertionError: expected [Sign up successful.] but found [This user already exist.]\r\n\tat org.testng.Assert.fail(Assert.java:99)\r\n\tat org.testng.Assert.failNotEquals(Assert.java:1037)\r\n\tat org.testng.Assert.assertEqualsImpl(Assert.java:140)\r\n\tat org.testng.Assert.assertEquals(Assert.java:122)\r\n\tat org.testng.Assert.assertEquals(Assert.java:629)\r\n\tat org.testng.Assert.assertEquals(Assert.java:639)\r\n\tat stepDefinitions.signup.SignupSteps.confirmationAlertShouldBeDisplayed(SignupSteps.java:75)\r\n\tat ✽.Confirmation alert should be displayed(file:///C:/Users/AhmedAshour/Documents/DemoBlaze/src/test/java/features/SignupPage.feature:14)\r\n"},"stage":"finished","steps":[],"attachments":[],"parameters":[],"start":1674912731136,"stop":1674912732151}],"attachments":[],"parameters":[{"name":"Username","value":"Test_Userr_124523223"},{"name":"Password","value":"abcd123"}],"start":1674912720094,"stop":1674912732977}