{"uuid":"c544d86f-6b53-4727-840c-ec68d6ba13c9","historyId":"369be60b0b48aad025ed13cef7b4f56a","fullName":"login: Login with valid data","labels":[{"name":"tag","value":"Test"},{"name":"host","value":"LAPTOP-RHO1G8Q8"},{"name":"thread","value":"36060@LAPTOP-RHO1G8Q8.TestNG-PoolService-5(22)"},{"name":"feature","value":"login"},{"name":"story","value":"Login with valid data"},{"name":"suite","value":"login"},{"name":"testClass","value":"Login with valid data"},{"name":"framework","value":"cucumber4jvm"},{"name":"language","value":"java"},{"name":"gherkin_uri","value":"file:///C:/Users/AhmedAshour/Documents/DemoBlaze/src/test/java/features/LoginPage.feature"},{"name":"package","value":"src.test.java.features.LoginPage_feature.login"}],"links":[],"name":"Login with valid data","status":"broken","statusDetails":{"known":false,"muted":false,"flaky":false,"message":"Expected condition failed: waiting for visibility of element located by By.id: nameofuser (tried for 5 second(s) with 500 milliseconds interval)\nBuild info: version: '4.5.0', revision: 'fe167b119a'\nSystem info: os.name: 'Windows 11', os.arch: 'amd64', os.version: '10.0', java.version: '17.0.2'\nDriver info: org.openqa.selenium.chrome.ChromeDriver\nCapabilities {acceptInsecureCerts: false, browserName: chrome, browserVersion: 109.0.5414.120, chrome: {chromedriverVersion: 109.0.5414.74 (e7c5703604da..., userDataDir: C:\\Users\\AHMEDA~1\\AppData\\L...}, goog:chromeOptions: {debuggerAddress: localhost:52899}, networkConnectionEnabled: false, pageLoadStrategy: normal, platformName: WINDOWS, proxy: Proxy(), se:cdp: ws://localhost:52899/devtoo..., se:cdpVersion: 109.0.5414.120, setWindowRect: true, strictFileInteractability: false, timeouts: {implicit: 0, pageLoad: 300000, script: 30000}, unhandledPromptBehavior: dismiss and notify, webauthn:extension:credBlob: true, webauthn:extension:largeBlob: true, webauthn:virtualAuthenticators: true}\nSession ID: 295fdcece924c457f129aa555cf1f9e4","trace":"org.openqa.selenium.TimeoutException: Expected condition failed: waiting for visibility of element located by By.id: nameofuser (tried for 5 second(s) with 500 milliseconds interval)\nBuild info: version: '4.5.0', revision: 'fe167b119a'\nSystem info: os.name: 'Windows 11', os.arch: 'amd64', os.version: '10.0', java.version: '17.0.2'\nDriver info: org.openqa.selenium.chrome.ChromeDriver\nCapabilities {acceptInsecureCerts: false, browserName: chrome, browserVersion: 109.0.5414.120, chrome: {chromedriverVersion: 109.0.5414.74 (e7c5703604da..., userDataDir: C:\\Users\\AHMEDA~1\\AppData\\L...}, goog:chromeOptions: {debuggerAddress: localhost:52899}, networkConnectionEnabled: false, pageLoadStrategy: normal, platformName: WINDOWS, proxy: Proxy(), se:cdp: ws://localhost:52899/devtoo..., se:cdpVersion: 109.0.5414.120, setWindowRect: true, strictFileInteractability: false, timeouts: {implicit: 0, pageLoad: 300000, script: 30000}, unhandledPromptBehavior: dismiss and notify, webauthn:extension:credBlob: true, webauthn:extension:largeBlob: true, webauthn:virtualAuthenticators: true}\nSession ID: 295fdcece924c457f129aa555cf1f9e4\r\n\tat org.openqa.selenium.support.ui.WebDriverWait.timeoutException(WebDriverWait.java:87)\r\n\tat org.openqa.selenium.support.ui.FluentWait.until(FluentWait.java:231)\r\n\tat base.PageObjectManager.waitUntilElementIsVisible(PageObjectManager.java:29)\r\n\tat base.PageObjectManager.isElementDisplayed(PageObjectManager.java:114)\r\n\tat stepDefinitions.LoginStepDef.usernameShouldBeDisplayedOnTheNavBar(LoginStepDef.java:64)\r\n\tat ✽.Username should be displayed on the nav bar(file:///C:/Users/AhmedAshour/Documents/DemoBlaze/src/test/java/features/LoginPage.feature:14)\r\n"},"stage":"finished","steps":[{"name":"Given  User opens chrome browser and navigates to the url","status":"passed","statusDetails":{"known":false,"muted":false,"flaky":false},"stage":"finished","steps":[],"attachments":[],"parameters":[],"start":1674927778967,"stop":1674927787995},{"name":"Then  Login tab should be displayed at the nav bar","status":"passed","statusDetails":{"known":false,"muted":false,"flaky":false},"stage":"finished","steps":[],"attachments":[],"parameters":[],"start":1674927787997,"stop":1674927788206},{"name":"When  User clicks on Login tab from nav bar","status":"passed","statusDetails":{"known":false,"muted":false,"flaky":false},"stage":"finished","steps":[],"attachments":[],"parameters":[],"start":1674927788207,"stop":1674927788423},{"name":"Then  Login form should be loaded","status":"passed","statusDetails":{"known":false,"muted":false,"flaky":false},"stage":"finished","steps":[],"attachments":[],"parameters":[],"start":1674927788423,"stop":1674927789087},{"name":"And  Username input field should be displayed in login form","status":"passed","statusDetails":{"known":false,"muted":false,"flaky":false},"stage":"finished","steps":[],"attachments":[],"parameters":[],"start":1674927789087,"stop":1674927789143},{"name":"And  Password input field should be displayed in login form","status":"passed","statusDetails":{"known":false,"muted":false,"flaky":false},"stage":"finished","steps":[],"attachments":[],"parameters":[],"start":1674927789144,"stop":1674927789242},{"name":"When  User enters username into the \"Test_User_123452\" field in login form","status":"passed","statusDetails":{"known":false,"muted":false,"flaky":false},"stage":"finished","steps":[],"attachments":[],"parameters":[],"start":1674927789243,"stop":1674927789350},{"name":"And  User enters password into the \"abcd123\" field in login form","status":"passed","statusDetails":{"known":false,"muted":false,"flaky":false},"stage":"finished","steps":[],"attachments":[],"parameters":[],"start":1674927789353,"stop":1674927789460},{"name":"And  Clicks on Log in button","status":"passed","statusDetails":{"known":false,"muted":false,"flaky":false},"stage":"finished","steps":[],"attachments":[],"parameters":[],"start":1674927789461,"stop":1674927789550},{"name":"Then  Username should be displayed on the nav bar","status":"broken","statusDetails":{"known":false,"muted":false,"flaky":false,"message":"Expected condition failed: waiting for visibility of element located by By.id: nameofuser (tried for 5 second(s) with 500 milliseconds interval)\nBuild info: version: '4.5.0', revision: 'fe167b119a'\nSystem info: os.name: 'Windows 11', os.arch: 'amd64', os.version: '10.0', java.version: '17.0.2'\nDriver info: org.openqa.selenium.chrome.ChromeDriver\nCapabilities {acceptInsecureCerts: false, browserName: chrome, browserVersion: 109.0.5414.120, chrome: {chromedriverVersion: 109.0.5414.74 (e7c5703604da..., userDataDir: C:\\Users\\AHMEDA~1\\AppData\\L...}, goog:chromeOptions: {debuggerAddress: localhost:52899}, networkConnectionEnabled: false, pageLoadStrategy: normal, platformName: WINDOWS, proxy: Proxy(), se:cdp: ws://localhost:52899/devtoo..., se:cdpVersion: 109.0.5414.120, setWindowRect: true, strictFileInteractability: false, timeouts: {implicit: 0, pageLoad: 300000, script: 30000}, unhandledPromptBehavior: dismiss and notify, webauthn:extension:credBlob: true, webauthn:extension:largeBlob: true, webauthn:virtualAuthenticators: true}\nSession ID: 295fdcece924c457f129aa555cf1f9e4","trace":"org.openqa.selenium.TimeoutException: Expected condition failed: waiting for visibility of element located by By.id: nameofuser (tried for 5 second(s) with 500 milliseconds interval)\nBuild info: version: '4.5.0', revision: 'fe167b119a'\nSystem info: os.name: 'Windows 11', os.arch: 'amd64', os.version: '10.0', java.version: '17.0.2'\nDriver info: org.openqa.selenium.chrome.ChromeDriver\nCapabilities {acceptInsecureCerts: false, browserName: chrome, browserVersion: 109.0.5414.120, chrome: {chromedriverVersion: 109.0.5414.74 (e7c5703604da..., userDataDir: C:\\Users\\AHMEDA~1\\AppData\\L...}, goog:chromeOptions: {debuggerAddress: localhost:52899}, networkConnectionEnabled: false, pageLoadStrategy: normal, platformName: WINDOWS, proxy: Proxy(), se:cdp: ws://localhost:52899/devtoo..., se:cdpVersion: 109.0.5414.120, setWindowRect: true, strictFileInteractability: false, timeouts: {implicit: 0, pageLoad: 300000, script: 30000}, unhandledPromptBehavior: dismiss and notify, webauthn:extension:credBlob: true, webauthn:extension:largeBlob: true, webauthn:virtualAuthenticators: true}\nSession ID: 295fdcece924c457f129aa555cf1f9e4\r\n\tat org.openqa.selenium.support.ui.WebDriverWait.timeoutException(WebDriverWait.java:87)\r\n\tat org.openqa.selenium.support.ui.FluentWait.until(FluentWait.java:231)\r\n\tat base.PageObjectManager.waitUntilElementIsVisible(PageObjectManager.java:29)\r\n\tat base.PageObjectManager.isElementDisplayed(PageObjectManager.java:114)\r\n\tat stepDefinitions.LoginStepDef.usernameShouldBeDisplayedOnTheNavBar(LoginStepDef.java:64)\r\n\tat ✽.Username should be displayed on the nav bar(file:///C:/Users/AhmedAshour/Documents/DemoBlaze/src/test/java/features/LoginPage.feature:14)\r\n"},"stage":"finished","steps":[],"attachments":[],"parameters":[],"start":1674927789551,"stop":1674927796519}],"attachments":[],"parameters":[{"name":"Username","value":"Test_User_123452"},{"name":"Password","value":"abcd123"}],"start":1674927778967,"stop":1674927796521}